<?xml version="1.0" encoding="UTF-8"?>
<testsuite xmlns:xsi="http://www.w3.org/2001/XMLSchema-instance" xsi:noNamespaceSchemaLocation="https://maven.apache.org/surefire/maven-surefire-plugin/xsd/surefire-test-report-3.0.xsd" version="3.0" name="org.example.TestRunner.Runners" time="352.046" tests="22" errors="0" skipped="0" failures="4">
  <properties>
[...]
</properties>
  <testcase name="runScenario" classname="org.example.TestRunner.Runners" time="10.896"/>
  <testcase name="runScenario" classname="org.example.TestRunner.Runners" time="11.66"/>
  <testcase name="runScenario" classname="org.example.TestRunner.Runners" time="11.797"/>
  <testcase name="runScenario" classname="org.example.TestRunner.Runners" time="11.722"/>
  <testcase name="runScenario" classname="org.example.TestRunner.Runners" time="15.398"/>
  <testcase name="runScenario" classname="org.example.TestRunner.Runners" time="7.346">
    <failure message="expected [https://demo.nopcommerce.com/new-online-store-is-open] but found [null]" type="java.lang.AssertionError"><![CDATA[java.lang.AssertionError: expected [https://demo.nopcommerce.com/new-online-store-is-open] but found [null]
]]></failure>
    <system-out><![CDATA[
@smoke @smoke
Scenario: user opens rss link                                                                      &amp#27;[90m# src/main/resources/Features/F03.FollowUs.feature:11&amp#27;[0m
  &amp#27;[32mWhen &amp#27;[0m&amp#27;[32muser clicks rss link&amp#27;[0m                                                                        &amp#27;[90m# org.example.StepsDefinitions.FollowUsStepDefintion.openRSS()&amp#27;[0m
https://demo.nopcommerce.com/news/rss/1
  &amp#27;[31mThen &amp#27;[0m&amp#27;[31mVerify That current url is equal to "&amp#27;[0m&amp#27;[31m&amp#27;[1mhttps://demo.nopcommerce.com/new-online-store-is-open&amp#27;[0m&amp#27;[31m"&amp#27;[0m &amp#27;[90m# org.example.StepsDefinitions.FollowUsStepDefintion.RSSPage(java.lang.String)&amp#27;[0m
      &amp#27;[31mjava.lang.AssertionError: expected [https://demo.nopcommerce.com/new-online-store-is-open] but found [null]
	at org.testng.Assert.fail(Assert.java:110)
	at org.testng.Assert.failNotEquals(Assert.java:1577)
	at org.testng.Assert.assertEqualsImpl(Assert.java:149)
	at org.testng.Assert.assertEquals(Assert.java:131)
	at org.testng.Assert.assertEquals(Assert.java:655)
	at org.testng.Assert.assertEquals(Assert.java:665)
	at org.example.StepsDefinitions.FollowUsStepDefintion.RSSPage(FollowUsStepDefintion.java:43)
	at ✽.Verify That current url is equal to "https://demo.nopcommerce.com/new-online-store-is-open"(file:///E:/DemoNopCommerce_ITI/DemoNopCommerce/src/main/resources/Features/F03.FollowUs.feature:13)
&amp#27;[0m
]]></system-out>
    <system-err><![CDATA[Nov 21, 2023 1:53:45 PM org.openqa.selenium.devtools.CdpVersionFinder findNearestMatch
WARNING: Unable to find an exact match for CDP version 119, returning the closest version; found: 118; Please update to a Selenium version that supports CDP version 119
]]></system-err>
  </testcase>
  <testcase name="runScenario" classname="org.example.TestRunner.Runners" time="13.514"/>
  <testcase name="runScenario" classname="org.example.TestRunner.Runners" time="7.526"/>
  <testcase name="runScenario" classname="org.example.TestRunner.Runners" time="20.151">
    <failure message="Expected condition failed: waiting for url to be &quot;https://demo.nopcommerce.com/iphone-14-Pro&quot;. Current url: &quot;https://demo.nopcommerce.com/&quot; (tried for 10 second(s) with 500 milliseconds interval)&#10;Build info: version: &apos;4.14.0&apos;, revision: &apos;e5a96349ce&apos;&#10;System info: os.name: &apos;Windows 10&apos;, os.arch: &apos;amd64&apos;, os.version: &apos;10.0&apos;, java.version: &apos;21.0.1&apos;&#10;Driver info: org.openqa.selenium.chrome.ChromeDriver&#10;Capabilities {acceptInsecureCerts: false, browserName: chrome, browserVersion: 119.0.6045.160, chrome: {chromedriverVersion: 119.0.6045.105 (38c72552c5e..., userDataDir: C:\Users\Meshrif\AppData\Lo...}, fedcm:accounts: true, goog:chromeOptions: {debuggerAddress: localhost:54141}, networkConnectionEnabled: false, pageLoadStrategy: normal, platformName: windows, proxy: Proxy(), se:cdp: ws://localhost:54141/devtoo..., se:cdpVersion: 119.0.6045.160, setWindowRect: true, strictFileInteractability: false, timeouts: {implicit: 0, pageLoad: 300000, script: 30000}, unhandledPromptBehavior: dismiss and notify, webauthn:extension:credBlob: true, webauthn:extension:largeBlob: true, webauthn:extension:minPinLength: true, webauthn:extension:prf: true, webauthn:virtualAuthenticators: true}&#10;Session ID: cf2318ecac3851c5f2a6a4cf49c32883" type="org.openqa.selenium.TimeoutException"><![CDATA[org.openqa.selenium.TimeoutException: 
Expected condition failed: waiting for url to be "https://demo.nopcommerce.com/iphone-14-Pro". Current url: "https://demo.nopcommerce.com/" (tried for 10 second(s) with 500 milliseconds interval)
Build info: version: '4.14.0', revision: 'e5a96349ce'
System info: os.name: 'Windows 10', os.arch: 'amd64', os.version: '10.0', java.version: '21.0.1'
Driver info: org.openqa.selenium.chrome.ChromeDriver
Capabilities {acceptInsecureCerts: false, browserName: chrome, browserVersion: 119.0.6045.160, chrome: {chromedriverVersion: 119.0.6045.105 (38c72552c5e..., userDataDir: C:\Users\Meshrif\AppData\Lo...}, fedcm:accounts: true, goog:chromeOptions: {debuggerAddress: localhost:54141}, networkConnectionEnabled: false, pageLoadStrategy: normal, platformName: windows, proxy: Proxy(), se:cdp: ws://localhost:54141/devtoo..., se:cdpVersion: 119.0.6045.160, setWindowRect: true, strictFileInteractability: false, timeouts: {implicit: 0, pageLoad: 300000, script: 30000}, unhandledPromptBehavior: dismiss and notify, webauthn:extension:credBlob: true, webauthn:extension:largeBlob: true, webauthn:extension:minPinLength: true, webauthn:extension:prf: true, webauthn:virtualAuthenticators: true}
Session ID: cf2318ecac3851c5f2a6a4cf49c32883
]]></failure>
    <system-out><![CDATA[
@smoke
Scenario: Check if the first slider is clickable on home page &amp#27;[90m# src/main/resources/Features/F05.homeSliders.feature:3&amp#27;[0m
FirstSlider

  &amp#27;[32mWhen &amp#27;[0m&amp#27;[32muser click on first slider&amp#27;[0m                             &amp#27;[90m# org.example.StepsDefinitions.homeSlidersStepDefintion.ClickonFisrtSlider()&amp#27;[0m
  &amp#27;[31mThen &amp#27;[0m&amp#27;[31mverify it directs  user to Slider 1 page&amp#27;[0m               &amp#27;[90m# org.example.StepsDefinitions.homeSlidersStepDefintion.Current1Page()&amp#27;[0m
      &amp#27;[31morg.openqa.selenium.TimeoutException: Expected condition failed: waiting for url to be "https://demo.nopcommerce.com/iphone-14-Pro". Current url: "https://demo.nopcommerce.com/" (tried for 10 second(s) with 500 milliseconds interval)
Build info: version: '4.14.0', revision: 'e5a96349ce'
System info: os.name: 'Windows 10', os.arch: 'amd64', os.version: '10.0', java.version: '21.0.1'
Driver info: org.openqa.selenium.chrome.ChromeDriver
Capabilities {acceptInsecureCerts: false, browserName: chrome, browserVersion: 119.0.6045.160, chrome: {chromedriverVersion: 119.0.6045.105 (38c72552c5e..., userDataDir: C:\Users\Meshrif\AppData\Lo...}, fedcm:accounts: true, goog:chromeOptions: {debuggerAddress: localhost:54141}, networkConnectionEnabled: false, pageLoadStrategy: normal, platformName: windows, proxy: Proxy(), se:cdp: ws://localhost:54141/devtoo..., se:cdpVersion: 119.0.6045.160, setWindowRect: true, strictFileInteractability: false, timeouts: {implicit: 0, pageLoad: 300000, script: 30000}, unhandledPromptBehavior: dismiss and notify, webauthn:extension:credBlob: true, webauthn:extension:largeBlob: true, webauthn:extension:minPinLength: true, webauthn:extension:prf: true, webauthn:virtualAuthenticators: true}
Session ID: cf2318ecac3851c5f2a6a4cf49c32883
	at org.openqa.selenium.support.ui.WebDriverWait.timeoutException(WebDriverWait.java:84)
	at org.openqa.selenium.support.ui.FluentWait.until(FluentWait.java:230)
	at org.example.Pages.HomePage.DirectToSlider1Page(HomePage.java:188)
	at org.example.StepsDefinitions.homeSlidersStepDefintion.Current1Page(homeSlidersStepDefintion.java:18)
	at ✽.verify it directs  user to Slider 1 page(file:///E:/DemoNopCommerce_ITI/DemoNopCommerce/src/main/resources/Features/F05.homeSliders.feature:5)
&amp#27;[0m
]]></system-out>
    <system-err><![CDATA[Nov 21, 2023 1:54:13 PM org.openqa.selenium.devtools.CdpVersionFinder findNearestMatch
WARNING: Unable to find an exact match for CDP version 119, returning the closest version; found: 118; Please update to a Selenium version that supports CDP version 119
]]></system-err>
  </testcase>
  <testcase name="runScenario" classname="org.example.TestRunner.Runners" time="20.191">
    <failure message="Expected condition failed: waiting for url to be &quot;https://demo.nopcommerce.com/Galaxy-S22-Ultra&quot;. Current url: &quot;https://demo.nopcommerce.com/&quot; (tried for 10 second(s) with 500 milliseconds interval)&#10;Build info: version: &apos;4.14.0&apos;, revision: &apos;e5a96349ce&apos;&#10;System info: os.name: &apos;Windows 10&apos;, os.arch: &apos;amd64&apos;, os.version: &apos;10.0&apos;, java.version: &apos;21.0.1&apos;&#10;Driver info: org.openqa.selenium.chrome.ChromeDriver&#10;Capabilities {acceptInsecureCerts: false, browserName: chrome, browserVersion: 119.0.6045.160, chrome: {chromedriverVersion: 119.0.6045.105 (38c72552c5e..., userDataDir: C:\Users\Meshrif\AppData\Lo...}, fedcm:accounts: true, goog:chromeOptions: {debuggerAddress: localhost:54163}, networkConnectionEnabled: false, pageLoadStrategy: normal, platformName: windows, proxy: Proxy(), se:cdp: ws://localhost:54163/devtoo..., se:cdpVersion: 119.0.6045.160, setWindowRect: true, strictFileInteractability: false, timeouts: {implicit: 0, pageLoad: 300000, script: 30000}, unhandledPromptBehavior: dismiss and notify, webauthn:extension:credBlob: true, webauthn:extension:largeBlob: true, webauthn:extension:minPinLength: true, webauthn:extension:prf: true, webauthn:virtualAuthenticators: true}&#10;Session ID: 5fb5ec21a63ee70a70c405f4020ee6d4" type="org.openqa.selenium.TimeoutException"><![CDATA[org.openqa.selenium.TimeoutException: 
Expected condition failed: waiting for url to be "https://demo.nopcommerce.com/Galaxy-S22-Ultra". Current url: "https://demo.nopcommerce.com/" (tried for 10 second(s) with 500 milliseconds interval)
Build info: version: '4.14.0', revision: 'e5a96349ce'
System info: os.name: 'Windows 10', os.arch: 'amd64', os.version: '10.0', java.version: '21.0.1'
Driver info: org.openqa.selenium.chrome.ChromeDriver
Capabilities {acceptInsecureCerts: false, browserName: chrome, browserVersion: 119.0.6045.160, chrome: {chromedriverVersion: 119.0.6045.105 (38c72552c5e..., userDataDir: C:\Users\Meshrif\AppData\Lo...}, fedcm:accounts: true, goog:chromeOptions: {debuggerAddress: localhost:54163}, networkConnectionEnabled: false, pageLoadStrategy: normal, platformName: windows, proxy: Proxy(), se:cdp: ws://localhost:54163/devtoo..., se:cdpVersion: 119.0.6045.160, setWindowRect: true, strictFileInteractability: false, timeouts: {implicit: 0, pageLoad: 300000, script: 30000}, unhandledPromptBehavior: dismiss and notify, webauthn:extension:credBlob: true, webauthn:extension:largeBlob: true, webauthn:extension:minPinLength: true, webauthn:extension:prf: true, webauthn:virtualAuthenticators: true}
Session ID: 5fb5ec21a63ee70a70c405f4020ee6d4
]]></failure>
    <system-out><![CDATA[
@smoke @smoke
Scenario: Check if the second slider is clickable on home page &amp#27;[90m# src/main/resources/Features/F05.homeSliders.feature:7&amp#27;[0m
SecondSlider

  &amp#27;[32mWhen &amp#27;[0m&amp#27;[32muser clicks on second slider&amp#27;[0m                            &amp#27;[90m# org.example.StepsDefinitions.homeSlidersStepDefintion.ClickonSecondSlider()&amp#27;[0m
  &amp#27;[31mThen &amp#27;[0m&amp#27;[31mverify it directs user to 2nd Slider Page&amp#27;[0m               &amp#27;[90m# org.example.StepsDefinitions.homeSlidersStepDefintion.Current2ndPage()&amp#27;[0m
      &amp#27;[31morg.openqa.selenium.TimeoutException: Expected condition failed: waiting for url to be "https://demo.nopcommerce.com/Galaxy-S22-Ultra". Current url: "https://demo.nopcommerce.com/" (tried for 10 second(s) with 500 milliseconds interval)
Build info: version: '4.14.0', revision: 'e5a96349ce'
System info: os.name: 'Windows 10', os.arch: 'amd64', os.version: '10.0', java.version: '21.0.1'
Driver info: org.openqa.selenium.chrome.ChromeDriver
Capabilities {acceptInsecureCerts: false, browserName: chrome, browserVersion: 119.0.6045.160, chrome: {chromedriverVersion: 119.0.6045.105 (38c72552c5e..., userDataDir: C:\Users\Meshrif\AppData\Lo...}, fedcm:accounts: true, goog:chromeOptions: {debuggerAddress: localhost:54163}, networkConnectionEnabled: false, pageLoadStrategy: normal, platformName: windows, proxy: Proxy(), se:cdp: ws://localhost:54163/devtoo..., se:cdpVersion: 119.0.6045.160, setWindowRect: true, strictFileInteractability: false, timeouts: {implicit: 0, pageLoad: 300000, script: 30000}, unhandledPromptBehavior: dismiss and notify, webauthn:extension:credBlob: true, webauthn:extension:largeBlob: true, webauthn:extension:minPinLength: true, webauthn:extension:prf: true, webauthn:virtualAuthenticators: true}
Session ID: 5fb5ec21a63ee70a70c405f4020ee6d4
	at org.openqa.selenium.support.ui.WebDriverWait.timeoutException(WebDriverWait.java:84)
	at org.openqa.selenium.support.ui.FluentWait.until(FluentWait.java:230)
	at org.example.Pages.HomePage.DirectToSlider2Page(HomePage.java:208)
	at org.example.StepsDefinitions.homeSlidersStepDefintion.Current2ndPage(homeSlidersStepDefintion.java:28)
	at ✽.verify it directs user to 2nd Slider Page(file:///E:/DemoNopCommerce_ITI/DemoNopCommerce/src/main/resources/Features/F05.homeSliders.feature:9)
&amp#27;[0m
]]></system-out>
    <system-err><![CDATA[Nov 21, 2023 1:54:33 PM org.openqa.selenium.devtools.CdpVersionFinder findNearestMatch
WARNING: Unable to find an exact match for CDP version 119, returning the closest version; found: 118; Please update to a Selenium version that supports CDP version 119
]]></system-err>
  </testcase>
  <testcase name="runScenario" classname="org.example.TestRunner.Runners" time="8.093"/>
  <testcase name="runScenario" classname="org.example.TestRunner.Runners" time="12.512">
    <failure message="The following asserts failed:&#10;	expected [true] but found [false],&#10;	expected [true] but found [false]" type="java.lang.AssertionError"><![CDATA[java.lang.AssertionError: 
The following asserts failed:
	expected [true] but found [false],
	expected [true] but found [false]
]]></failure>
    <system-out><![CDATA[
@smoke
Scenario Outline: Search using Product name            &amp#27;[90m# src/main/resources/Features/F07.Search.feature:10&amp#27;[0m
  &amp#27;[32mWhen &amp#27;[0m&amp#27;[32mUser search with &amp#27;[0m&amp#27;[32m&amp#27;[1m"book"&amp#27;[0m                         &amp#27;[90m# org.example.StepsDefinitions.SearchStepDefinition.SearchUsingProductName(java.lang.String)&amp#27;[0m
  &amp#27;[32mAnd &amp#27;[0m&amp#27;[32muser clicks search button and in the search page&amp#27;[0m &amp#27;[90m# org.example.StepsDefinitions.SearchStepDefinition.Clickonsearchbutton()&amp#27;[0m
Apple MacBook Pro 13-inch
Asus N551JK-XO076H Laptop
Samsung Series 9 NP900X4C Premium Ultrabook
HP Spectre XT Pro UltraBook
HP Envy 6-1180ca 15.6-Inch Sleekbook
Lenovo Thinkpad X1 Carbon Laptop
  &amp#27;[31mThen &amp#27;[0m&amp#27;[31mUser find &amp#27;[0m&amp#27;[31m&amp#27;[1m"book"&amp#27;[0m&amp#27;[31m relevant results&amp#27;[0m               &amp#27;[90m# org.example.StepsDefinitions.SearchStepDefinition.HasSearchWord(java.lang.String)&amp#27;[0m
      &amp#27;[31mjava.lang.AssertionError: The following asserts failed:
	expected [true] but found [false],
	expected [true] but found [false]
	at org.testng.asserts.SoftAssert.assertAll(SoftAssert.java:46)
	at org.testng.asserts.SoftAssert.assertAll(SoftAssert.java:30)
	at org.example.StepsDefinitions.SearchStepDefinition.HasSearchWord(SearchStepDefinition.java:39)
	at ✽.User find "book" relevant results(file:///E:/DemoNopCommerce_ITI/DemoNopCommerce/src/main/resources/Features/F07.Search.feature:7)
&amp#27;[0m
]]></system-out>
    <system-err><![CDATA[Nov 21, 2023 1:55:01 PM org.openqa.selenium.devtools.CdpVersionFinder findNearestMatch
WARNING: Unable to find an exact match for CDP version 119, returning the closest version; found: 118; Please update to a Selenium version that supports CDP version 119
]]></system-err>
  </testcase>
  <testcase name="runScenario" classname="org.example.TestRunner.Runners" time="11.903"/>
  <testcase name="runScenario" classname="org.example.TestRunner.Runners" time="11.966"/>
  <testcase name="runScenario" classname="org.example.TestRunner.Runners" time="12.674"/>
  <testcase name="runScenario" classname="org.example.TestRunner.Runners" time="12.538"/>
  <testcase name="runScenario" classname="org.example.TestRunner.Runners" time="14.346"/>
  <testcase name="runScenario" classname="org.example.TestRunner.Runners" time="37.157"/>
  <testcase name="runScenario" classname="org.example.TestRunner.Runners" time="6.496"/>
  <testcase name="runScenario" classname="org.example.TestRunner.Runners" time="41.96"/>
  <testcase name="runScenario" classname="org.example.TestRunner.Runners" time="6.809"/>
  <testcase name="runScenario" classname="org.example.TestRunner.Runners" time="43.085"/>
</testsuite>